2023/07/01 16:27:50 - mmengine - INFO - 
------------------------------------------------------------
System environment:
    sys.platform: linux
    Python: 3.8.16 (default, Jun 12 2023, 18:09:05) [GCC 11.2.0]
    CUDA available: True
    numpy_random_seed: 654625192
    GPU 0: NVIDIA GeForce GTX 1650
    CUDA_HOME: /usr/local/cuda
    NVCC: Cuda compilation tools, release 11.8, V11.8.89
    GCC: gcc (Ubuntu 9.4.0-1ubuntu1~20.04.1) 9.4.0
    PyTorch: 2.0.1+cu117
    PyTorch compiling details: PyTorch built with:
  - GCC 9.3
  - C++ Version: 201703
  - Intel(R) oneAPI Math Kernel Library Version 2022.2-Product Build 20220804 for Intel(R) 64 architecture applications
  - Intel(R) MKL-DNN v2.7.3 (Git Hash 6dbeffbae1f23cbbeae17adb7b5b13f1f37c080e)
  - OpenMP 201511 (a.k.a. OpenMP 4.5)
  - LAPACK is enabled (usually provided by MKL)
  - NNPACK is enabled
  - CPU capability usage: AVX2
  - CUDA Runtime 11.7
  - NVCC architecture flags: -gencode;arch=compute_37,code=sm_37;-gencode;arch=compute_50,code=sm_50;-gencode;arch=compute_60,code=sm_60;-gencode;arch=compute_70,code=sm_70;-gencode;arch=compute_75,code=sm_75;-gencode;arch=compute_80,code=sm_80;-gencode;arch=compute_86,code=sm_86
  - CuDNN 8.5
  - Magma 2.6.1
  - Build settings: BLAS_INFO=mkl, BUILD_TYPE=Release, CUDA_VERSION=11.7, CUDNN_VERSION=8.5.0, CXX_COMPILER=/opt/rh/devtoolset-9/root/usr/bin/c++, CXX_FLAGS= -D_GLIBCXX_USE_CXX11_ABI=0 -fabi-version=11 -Wno-deprecated -fvisibility-inlines-hidden -DUSE_PTHREADPOOL -DNDEBUG -DUSE_KINETO -DLIBKINETO_NOROCTRACER -DUSE_FBGEMM -DUSE_QNNPACK -DUSE_PYTORCH_QNNPACK -DUSE_XNNPACK -DSYMBOLICATE_MOBILE_DEBUG_HANDLE -O2 -fPIC -Wall -Wextra -Werror=return-type -Werror=non-virtual-dtor -Werror=bool-operation -Wnarrowing -Wno-missing-field-initializers -Wno-type-limits -Wno-array-bounds -Wno-unknown-pragmas -Wunused-local-typedefs -Wno-unused-parameter -Wno-unused-function -Wno-unused-result -Wno-strict-overflow -Wno-strict-aliasing -Wno-error=deprecated-declarations -Wno-stringop-overflow -Wno-psabi -Wno-error=pedantic -Wno-error=redundant-decls -Wno-error=old-style-cast -fdiagnostics-color=always -faligned-new -Wno-unused-but-set-variable -Wno-maybe-uninitialized -fno-math-errno -fno-trapping-math -Werror=format -Werror=cast-function-type -Wno-stringop-overflow, LAPACK_INFO=mkl, PERF_WITH_AVX=1, PERF_WITH_AVX2=1, PERF_WITH_AVX512=1, TORCH_DISABLE_GPU_ASSERTS=ON, TORCH_VERSION=2.0.1, USE_CUDA=ON, USE_CUDNN=ON, USE_EXCEPTION_PTR=1, USE_GFLAGS=OFF, USE_GLOG=OFF, USE_MKL=ON, USE_MKLDNN=ON, USE_MPI=OFF, USE_NCCL=1, USE_NNPACK=ON, USE_OPENMP=ON, USE_ROCM=OFF, 

    TorchVision: 0.15.2+cu117
    OpenCV: 4.7.0
    MMEngine: 0.7.4

Runtime environment:
    cudnn_benchmark: False
    mp_cfg: {'mp_start_method': 'fork', 'opencv_num_threads': 0}
    dist_cfg: {'backend': 'nccl'}
    seed: 654625192
    diff_rank_seed: False
    deterministic: False
    Distributed launcher: none
    Distributed training: False
    GPU number: 1
------------------------------------------------------------

2023/07/01 16:27:50 - mmengine - INFO - Config:
model = dict(
    type='Recognizer2D',
    backbone=dict(
        type='ResNet',
        pretrained='https://download.pytorch.org/models/resnet50-11ad3fa6.pth',
        depth=50,
        norm_eval=False),
    cls_head=dict(
        type='TSNHead',
        num_classes=2,
        in_channels=2048,
        spatial_type='avg',
        consensus=dict(type='AvgConsensus', dim=1),
        dropout_ratio=0.4,
        init_std=0.01,
        average_clips='prob'),
    data_preprocessor=dict(
        type='ActionDataPreprocessor',
        mean=[123.675, 116.28, 103.53],
        std=[58.395, 57.12, 57.375],
        format_shape='NCHW'),
    train_cfg=None,
    test_cfg=None)
train_cfg = dict(
    type='EpochBasedTrainLoop', max_epochs=50, val_begin=1, val_interval=1)
val_cfg = dict(type='ValLoop')
test_cfg = dict(type='TestLoop')
param_scheduler = [
    dict(
        type='MultiStepLR',
        begin=0,
        end=50,
        by_epoch=True,
        milestones=[20, 40],
        gamma=0.1)
]
optim_wrapper = dict(
    optimizer=dict(type='SGD', lr=0.005, momentum=0.9, weight_decay=0.0001),
    clip_grad=dict(max_norm=40, norm_type=2))
default_scope = 'mmaction'
default_hooks = dict(
    runtime_info=dict(type='RuntimeInfoHook'),
    timer=dict(type='IterTimerHook'),
    logger=dict(type='LoggerHook', interval=20, ignore_last=False),
    param_scheduler=dict(type='ParamSchedulerHook'),
    checkpoint=dict(
        type='CheckpointHook', interval=3, save_best='auto', max_keep_ckpts=3),
    sampler_seed=dict(type='DistSamplerSeedHook'),
    sync_buffers=dict(type='SyncBuffersHook'))
env_cfg = dict(
    cudnn_benchmark=False,
    mp_cfg=dict(mp_start_method='fork', opencv_num_threads=0),
    dist_cfg=dict(backend='nccl'))
log_processor = dict(type='LogProcessor', window_size=20, by_epoch=True)
vis_backends = [dict(type='LocalVisBackend')]
visualizer = dict(
    type='ActionVisualizer', vis_backends=[dict(type='LocalVisBackend')])
log_level = 'INFO'
load_from = 'https://download.openmmlab.com/mmaction/v1.0/recognition/tsn/tsn_imagenet-pretrained-r50_8xb32-1x1x3-100e_kinetics400-rgb/tsn_imagenet-pretrained-r50_8xb32-1x1x3-100e_kinetics400-rgb_20220906-cd10898e.pth'
resume = False
dataset_type = 'VideoDataset'
data_root = '/home/cma/MMA data/train'
data_root_val = '/home/cma/MMA data/val'
ann_file_train = '/home/cma/MMA data/train_video.txt'
ann_file_val = '/home/cma/MMA data/val_video.txt'
file_client_args = dict(io_backend='disk')
train_pipeline = [
    dict(type='DecordInit', io_backend='disk'),
    dict(type='SampleFrames', clip_len=1, frame_interval=1, num_clips=3),
    dict(type='DecordDecode'),
    dict(type='Resize', scale=(-1, 256)),
    dict(
        type='MultiScaleCrop',
        input_size=224,
        scales=(1, 0.875, 0.75, 0.66),
        random_crop=False,
        max_wh_scale_gap=1),
    dict(type='Resize', scale=(224, 224), keep_ratio=False),
    dict(type='Flip', flip_ratio=0.5),
    dict(type='FormatShape', input_format='NCHW'),
    dict(type='PackActionInputs')
]
val_pipeline = [
    dict(type='DecordInit', io_backend='disk'),
    dict(
        type='SampleFrames',
        clip_len=1,
        frame_interval=1,
        num_clips=3,
        test_mode=True),
    dict(type='DecordDecode'),
    dict(type='Resize', scale=(-1, 256)),
    dict(type='CenterCrop', crop_size=224),
    dict(type='FormatShape', input_format='NCHW'),
    dict(type='PackActionInputs')
]
test_pipeline = [
    dict(type='DecordInit', io_backend='disk'),
    dict(
        type='SampleFrames',
        clip_len=1,
        frame_interval=1,
        num_clips=25,
        test_mode=True),
    dict(type='DecordDecode'),
    dict(type='Resize', scale=(-1, 256)),
    dict(type='TenCrop', crop_size=224),
    dict(type='FormatShape', input_format='NCHW'),
    dict(type='PackActionInputs')
]
train_dataloader = dict(
    batch_size=4,
    num_workers=1,
    persistent_workers=True,
    sampler=dict(type='DefaultSampler', shuffle=True),
    dataset=dict(
        type='VideoDataset',
        ann_file='/home/cma/MMA data/train_video.txt',
        data_prefix=dict(video='/home/cma/MMA data/train'),
        pipeline=[
            dict(type='DecordInit', io_backend='disk'),
            dict(
                type='SampleFrames', clip_len=1, frame_interval=1,
                num_clips=3),
            dict(type='DecordDecode'),
            dict(type='Resize', scale=(-1, 256)),
            dict(
                type='MultiScaleCrop',
                input_size=224,
                scales=(1, 0.875, 0.75, 0.66),
                random_crop=False,
                max_wh_scale_gap=1),
            dict(type='Resize', scale=(224, 224), keep_ratio=False),
            dict(type='Flip', flip_ratio=0.5),
            dict(type='FormatShape', input_format='NCHW'),
            dict(type='PackActionInputs')
        ]))
val_dataloader = dict(
    batch_size=4,
    num_workers=1,
    persistent_workers=True,
    sampler=dict(type='DefaultSampler', shuffle=False),
    dataset=dict(
        type='VideoDataset',
        ann_file='/home/cma/MMA data/val_video.txt',
        data_prefix=dict(video='/home/cma/MMA data/val'),
        pipeline=[
            dict(type='DecordInit', io_backend='disk'),
            dict(
                type='SampleFrames',
                clip_len=1,
                frame_interval=1,
                num_clips=3,
                test_mode=True),
            dict(type='DecordDecode'),
            dict(type='Resize', scale=(-1, 256)),
            dict(type='CenterCrop', crop_size=224),
            dict(type='FormatShape', input_format='NCHW'),
            dict(type='PackActionInputs')
        ],
        test_mode=True))
test_dataloader = dict(
    batch_size=1,
    num_workers=1,
    persistent_workers=True,
    sampler=dict(type='DefaultSampler', shuffle=False),
    dataset=dict(
        type='VideoDataset',
        ann_file='/home/cma/MMA data/val_video.txt',
        data_prefix=dict(video='/home/cma/MMA data/val'),
        pipeline=[
            dict(type='DecordInit', io_backend='disk'),
            dict(
                type='SampleFrames',
                clip_len=1,
                frame_interval=1,
                num_clips=25,
                test_mode=True),
            dict(type='DecordDecode'),
            dict(type='Resize', scale=(-1, 256)),
            dict(type='TenCrop', crop_size=224),
            dict(type='FormatShape', input_format='NCHW'),
            dict(type='PackActionInputs')
        ],
        test_mode=True))
val_evaluator = dict(type='AccMetric')
test_evaluator = dict(type='AccMetric')
auto_scale_lr = dict(enable=False, base_batch_size=4)
launcher = 'none'
work_dir = './work_dirs/tsn_ucf101'
randomness = dict(seed=None, diff_rank_seed=False, deterministic=False)

2023/07/01 16:27:52 - mmengine - INFO - Distributed training is not used, all SyncBatchNorm (SyncBN) layers in the model will be automatically reverted to BatchNormXd layers if they are used.
2023/07/01 16:27:52 - mmengine - INFO - Hooks will be executed in the following order:
before_run:
(VERY_HIGH   ) RuntimeInfoHook                    
(BELOW_NORMAL) LoggerHook                         
 -------------------- 
before_train:
(VERY_HIGH   ) RuntimeInfoHook                    
(NORMAL      ) IterTimerHook                      
(VERY_LOW    ) CheckpointHook                     
 -------------------- 
before_train_epoch:
(VERY_HIGH   ) RuntimeInfoHook                    
(NORMAL      ) IterTimerHook                      
(NORMAL      ) DistSamplerSeedHook                
 -------------------- 
before_train_iter:
(VERY_HIGH   ) RuntimeInfoHook                    
(NORMAL      ) IterTimerHook                      
 -------------------- 
after_train_iter:
(VERY_HIGH   ) RuntimeInfoHook                    
(NORMAL      ) IterTimerHook                      
(BELOW_NORMAL) LoggerHook                         
(LOW         ) ParamSchedulerHook                 
(VERY_LOW    ) CheckpointHook                     
 -------------------- 
after_train_epoch:
(NORMAL      ) IterTimerHook                      
(NORMAL      ) SyncBuffersHook                    
(LOW         ) ParamSchedulerHook                 
(VERY_LOW    ) CheckpointHook                     
 -------------------- 
before_val_epoch:
(NORMAL      ) IterTimerHook                      
(NORMAL      ) SyncBuffersHook                    
 -------------------- 
before_val_iter:
(NORMAL      ) IterTimerHook                      
 -------------------- 
after_val_iter:
(NORMAL      ) IterTimerHook                      
(BELOW_NORMAL) LoggerHook                         
 -------------------- 
after_val_epoch:
(VERY_HIGH   ) RuntimeInfoHook                    
(NORMAL      ) IterTimerHook                      
(BELOW_NORMAL) LoggerHook                         
(LOW         ) ParamSchedulerHook                 
(VERY_LOW    ) CheckpointHook                     
 -------------------- 
after_train:
(VERY_LOW    ) CheckpointHook                     
 -------------------- 
before_test_epoch:
(NORMAL      ) IterTimerHook                      
 -------------------- 
before_test_iter:
(NORMAL      ) IterTimerHook                      
 -------------------- 
after_test_iter:
(NORMAL      ) IterTimerHook                      
(BELOW_NORMAL) LoggerHook                         
 -------------------- 
after_test_epoch:
(VERY_HIGH   ) RuntimeInfoHook                    
(NORMAL      ) IterTimerHook                      
(BELOW_NORMAL) LoggerHook                         
 -------------------- 
after_run:
(BELOW_NORMAL) LoggerHook                         
 -------------------- 
2023/07/01 16:28:13 - mmengine - INFO - These parameters in pretrained checkpoint are not loaded: {'fc.weight', 'fc.bias'}
Name of parameter - Initialization information

backbone.conv1.conv.weight - torch.Size([64, 3, 7, 7]): 
Initialized by user-defined `init_weights` in ResNet  

backbone.conv1.bn.weight - torch.Size([64]): 
Initialized by user-defined `init_weights` in ResNet  

backbone.conv1.bn.bias - torch.Size([64]): 
Initialized by user-defined `init_weights` in ResNet  

backbone.layer1.0.conv1.conv.weight - torch.Size([64, 64, 1, 1]): 
Initialized by user-defined `init_weights` in ResNet  

backbone.layer1.0.conv1.bn.weight - torch.Size([64]): 
Initialized by user-defined `init_weights` in ResNet  

backbone.layer1.0.conv1.bn.bias - torch.Size([64]): 
Initialized by user-defined `init_weights` in ResNet  

backbone.layer1.0.conv2.conv.weight - torch.Size([64, 64, 3, 3]): 
Initialized by user-defined `init_weights` in ResNet  

backbone.layer1.0.conv2.bn.weight - torch.Size([64]): 
Initialized by user-defined `init_weights` in ResNet  

backbone.layer1.0.conv2.bn.bias - torch.Size([64]): 
Initialized by user-defined `init_weights` in ResNet  

backbone.layer1.0.conv3.conv.weight - torch.Size([256, 64, 1, 1]): 
Initialized by user-defined `init_weights` in ResNet  

backbone.layer1.0.conv3.bn.weight - torch.Size([256]): 
Initialized by user-defined `init_weights` in ResNet  

backbone.layer1.0.conv3.bn.bias - torch.Size([256]): 
Initialized by user-defined `init_weights` in ResNet  

backbone.layer1.0.downsample.conv.weight - torch.Size([256, 64, 1, 1]): 
Initialized by user-defined `init_weights` in ResNet  

backbone.layer1.0.downsample.bn.weight - torch.Size([256]): 
Initialized by user-defined `init_weights` in ResNet  

backbone.layer1.0.downsample.bn.bias - torch.Size([256]): 
Initialized by user-defined `init_weights` in ResNet  

backbone.layer1.1.conv1.conv.weight - torch.Size([64, 256, 1, 1]): 
Initialized by user-defined `init_weights` in ResNet  

backbone.layer1.1.conv1.bn.weight - torch.Size([64]): 
Initialized by user-defined `init_weights` in ResNet  

backbone.layer1.1.conv1.bn.bias - torch.Size([64]): 
Initialized by user-defined `init_weights` in ResNet  

backbone.layer1.1.conv2.conv.weight - torch.Size([64, 64, 3, 3]): 
Initialized by user-defined `init_weights` in ResNet  

backbone.layer1.1.conv2.bn.weight - torch.Size([64]): 
Initialized by user-defined `init_weights` in ResNet  

backbone.layer1.1.conv2.bn.bias - torch.Size([64]): 
Initialized by user-defined `init_weights` in ResNet  

backbone.layer1.1.conv3.conv.weight - torch.Size([256, 64, 1, 1]): 
Initialized by user-defined `init_weights` in ResNet  

backbone.layer1.1.conv3.bn.weight - torch.Size([256]): 
Initialized by user-defined `init_weights` in ResNet  

backbone.layer1.1.conv3.bn.bias - torch.Size([256]): 
Initialized by user-defined `init_weights` in ResNet  

backbone.layer1.2.conv1.conv.weight - torch.Size([64, 256, 1, 1]): 
Initialized by user-defined `init_weights` in ResNet  

backbone.layer1.2.conv1.bn.weight - torch.Size([64]): 
Initialized by user-defined `init_weights` in ResNet  

backbone.layer1.2.conv1.bn.bias - torch.Size([64]): 
Initialized by user-defined `init_weights` in ResNet  

backbone.layer1.2.conv2.conv.weight - torch.Size([64, 64, 3, 3]): 
Initialized by user-defined `init_weights` in ResNet  

backbone.layer1.2.conv2.bn.weight - torch.Size([64]): 
Initialized by user-defined `init_weights` in ResNet  

backbone.layer1.2.conv2.bn.bias - torch.Size([64]): 
Initialized by user-defined `init_weights` in ResNet  

backbone.layer1.2.conv3.conv.weight - torch.Size([256, 64, 1, 1]): 
Initialized by user-defined `init_weights` in ResNet  

backbone.layer1.2.conv3.bn.weight - torch.Size([256]): 
Initialized by user-defined `init_weights` in ResNet  

backbone.layer1.2.conv3.bn.bias - torch.Size([256]): 
Initialized by user-defined `init_weights` in ResNet  

backbone.layer2.0.conv1.conv.weight - torch.Size([128, 256, 1, 1]): 
Initialized by user-defined `init_weights` in ResNet  

backbone.layer2.0.conv1.bn.weight - torch.Size([128]): 
Initialized by user-defined `init_weights` in ResNet  

backbone.layer2.0.conv1.bn.bias - torch.Size([128]): 
Initialized by user-defined `init_weights` in ResNet  

backbone.layer2.0.conv2.conv.weight - torch.Size([128, 128, 3, 3]): 
Initialized by user-defined `init_weights` in ResNet  

backbone.layer2.0.conv2.bn.weight - torch.Size([128]): 
Initialized by user-defined `init_weights` in ResNet  

backbone.layer2.0.conv2.bn.bias - torch.Size([128]): 
Initialized by user-defined `init_weights` in ResNet  

backbone.layer2.0.conv3.conv.weight - torch.Size([512, 128, 1, 1]): 
Initialized by user-defined `init_weights` in ResNet  

backbone.layer2.0.conv3.bn.weight - torch.Size([512]): 
Initialized by user-defined `init_weights` in ResNet  

backbone.layer2.0.conv3.bn.bias - torch.Size([512]): 
Initialized by user-defined `init_weights` in ResNet  

backbone.layer2.0.downsample.conv.weight - torch.Size([512, 256, 1, 1]): 
Initialized by user-defined `init_weights` in ResNet  

backbone.layer2.0.downsample.bn.weight - torch.Size([512]): 
Initialized by user-defined `init_weights` in ResNet  

backbone.layer2.0.downsample.bn.bias - torch.Size([512]): 
Initialized by user-defined `init_weights` in ResNet  

backbone.layer2.1.conv1.conv.weight - torch.Size([128, 512, 1, 1]): 
Initialized by user-defined `init_weights` in ResNet  

backbone.layer2.1.conv1.bn.weight - torch.Size([128]): 
Initialized by user-defined `init_weights` in ResNet  

backbone.layer2.1.conv1.bn.bias - torch.Size([128]): 
Initialized by user-defined `init_weights` in ResNet  

backbone.layer2.1.conv2.conv.weight - torch.Size([128, 128, 3, 3]): 
Initialized by user-defined `init_weights` in ResNet  

backbone.layer2.1.conv2.bn.weight - torch.Size([128]): 
Initialized by user-defined `init_weights` in ResNet  

backbone.layer2.1.conv2.bn.bias - torch.Size([128]): 
Initialized by user-defined `init_weights` in ResNet  

backbone.layer2.1.conv3.conv.weight - torch.Size([512, 128, 1, 1]): 
Initialized by user-defined `init_weights` in ResNet  

backbone.layer2.1.conv3.bn.weight - torch.Size([512]): 
Initialized by user-defined `init_weights` in ResNet  

backbone.layer2.1.conv3.bn.bias - torch.Size([512]): 
Initialized by user-defined `init_weights` in ResNet  

backbone.layer2.2.conv1.conv.weight - torch.Size([128, 512, 1, 1]): 
Initialized by user-defined `init_weights` in ResNet  

backbone.layer2.2.conv1.bn.weight - torch.Size([128]): 
Initialized by user-defined `init_weights` in ResNet  

backbone.layer2.2.conv1.bn.bias - torch.Size([128]): 
Initialized by user-defined `init_weights` in ResNet  

backbone.layer2.2.conv2.conv.weight - torch.Size([128, 128, 3, 3]): 
Initialized by user-defined `init_weights` in ResNet  

backbone.layer2.2.conv2.bn.weight - torch.Size([128]): 
Initialized by user-defined `init_weights` in ResNet  

backbone.layer2.2.conv2.bn.bias - torch.Size([128]): 
Initialized by user-defined `init_weights` in ResNet  

backbone.layer2.2.conv3.conv.weight - torch.Size([512, 128, 1, 1]): 
Initialized by user-defined `init_weights` in ResNet  

backbone.layer2.2.conv3.bn.weight - torch.Size([512]): 
Initialized by user-defined `init_weights` in ResNet  

backbone.layer2.2.conv3.bn.bias - torch.Size([512]): 
Initialized by user-defined `init_weights` in ResNet  

backbone.layer2.3.conv1.conv.weight - torch.Size([128, 512, 1, 1]): 
Initialized by user-defined `init_weights` in ResNet  

backbone.layer2.3.conv1.bn.weight - torch.Size([128]): 
Initialized by user-defined `init_weights` in ResNet  

backbone.layer2.3.conv1.bn.bias - torch.Size([128]): 
Initialized by user-defined `init_weights` in ResNet  

backbone.layer2.3.conv2.conv.weight - torch.Size([128, 128, 3, 3]): 
Initialized by user-defined `init_weights` in ResNet  

backbone.layer2.3.conv2.bn.weight - torch.Size([128]): 
Initialized by user-defined `init_weights` in ResNet  

backbone.layer2.3.conv2.bn.bias - torch.Size([128]): 
Initialized by user-defined `init_weights` in ResNet  

backbone.layer2.3.conv3.conv.weight - torch.Size([512, 128, 1, 1]): 
Initialized by user-defined `init_weights` in ResNet  

backbone.layer2.3.conv3.bn.weight - torch.Size([512]): 
Initialized by user-defined `init_weights` in ResNet  

backbone.layer2.3.conv3.bn.bias - torch.Size([512]): 
Initialized by user-defined `init_weights` in ResNet  

backbone.layer3.0.conv1.conv.weight - torch.Size([256, 512, 1, 1]): 
Initialized by user-defined `init_weights` in ResNet  

backbone.layer3.0.conv1.bn.weight - torch.Size([256]): 
Initialized by user-defined `init_weights` in ResNet  

backbone.layer3.0.conv1.bn.bias - torch.Size([256]): 
Initialized by user-defined `init_weights` in ResNet  

backbone.layer3.0.conv2.conv.weight - torch.Size([256, 256, 3, 3]): 
Initialized by user-defined `init_weights` in ResNet  

backbone.layer3.0.conv2.bn.weight - torch.Size([256]): 
Initialized by user-defined `init_weights` in ResNet  

backbone.layer3.0.conv2.bn.bias - torch.Size([256]): 
Initialized by user-defined `init_weights` in ResNet  

backbone.layer3.0.conv3.conv.weight - torch.Size([1024, 256, 1, 1]): 
Initialized by user-defined `init_weights` in ResNet  

backbone.layer3.0.conv3.bn.weight - torch.Size([1024]): 
Initialized by user-defined `init_weights` in ResNet  

backbone.layer3.0.conv3.bn.bias - torch.Size([1024]): 
Initialized by user-defined `init_weights` in ResNet  

backbone.layer3.0.downsample.conv.weight - torch.Size([1024, 512, 1, 1]): 
Initialized by user-defined `init_weights` in ResNet  

backbone.layer3.0.downsample.bn.weight - torch.Size([1024]): 
Initialized by user-defined `init_weights` in ResNet  

backbone.layer3.0.downsample.bn.bias - torch.Size([1024]): 
Initialized by user-defined `init_weights` in ResNet  

backbone.layer3.1.conv1.conv.weight - torch.Size([256, 1024, 1, 1]): 
Initialized by user-defined `init_weights` in ResNet  

backbone.layer3.1.conv1.bn.weight - torch.Size([256]): 
Initialized by user-defined `init_weights` in ResNet  

backbone.layer3.1.conv1.bn.bias - torch.Size([256]): 
Initialized by user-defined `init_weights` in ResNet  

backbone.layer3.1.conv2.conv.weight - torch.Size([256, 256, 3, 3]): 
Initialized by user-defined `init_weights` in ResNet  

backbone.layer3.1.conv2.bn.weight - torch.Size([256]): 
Initialized by user-defined `init_weights` in ResNet  

backbone.layer3.1.conv2.bn.bias - torch.Size([256]): 
Initialized by user-defined `init_weights` in ResNet  

backbone.layer3.1.conv3.conv.weight - torch.Size([1024, 256, 1, 1]): 
Initialized by user-defined `init_weights` in ResNet  

backbone.layer3.1.conv3.bn.weight - torch.Size([1024]): 
Initialized by user-defined `init_weights` in ResNet  

backbone.layer3.1.conv3.bn.bias - torch.Size([1024]): 
Initialized by user-defined `init_weights` in ResNet  

backbone.layer3.2.conv1.conv.weight - torch.Size([256, 1024, 1, 1]): 
Initialized by user-defined `init_weights` in ResNet  

backbone.layer3.2.conv1.bn.weight - torch.Size([256]): 
Initialized by user-defined `init_weights` in ResNet  

backbone.layer3.2.conv1.bn.bias - torch.Size([256]): 
Initialized by user-defined `init_weights` in ResNet  

backbone.layer3.2.conv2.conv.weight - torch.Size([256, 256, 3, 3]): 
Initialized by user-defined `init_weights` in ResNet  

backbone.layer3.2.conv2.bn.weight - torch.Size([256]): 
Initialized by user-defined `init_weights` in ResNet  

backbone.layer3.2.conv2.bn.bias - torch.Size([256]): 
Initialized by user-defined `init_weights` in ResNet  

backbone.layer3.2.conv3.conv.weight - torch.Size([1024, 256, 1, 1]): 
Initialized by user-defined `init_weights` in ResNet  

backbone.layer3.2.conv3.bn.weight - torch.Size([1024]): 
Initialized by user-defined `init_weights` in ResNet  

backbone.layer3.2.conv3.bn.bias - torch.Size([1024]): 
Initialized by user-defined `init_weights` in ResNet  

backbone.layer3.3.conv1.conv.weight - torch.Size([256, 1024, 1, 1]): 
Initialized by user-defined `init_weights` in ResNet  

backbone.layer3.3.conv1.bn.weight - torch.Size([256]): 
Initialized by user-defined `init_weights` in ResNet  

backbone.layer3.3.conv1.bn.bias - torch.Size([256]): 
Initialized by user-defined `init_weights` in ResNet  

backbone.layer3.3.conv2.conv.weight - torch.Size([256, 256, 3, 3]): 
Initialized by user-defined `init_weights` in ResNet  

backbone.layer3.3.conv2.bn.weight - torch.Size([256]): 
Initialized by user-defined `init_weights` in ResNet  

backbone.layer3.3.conv2.bn.bias - torch.Size([256]): 
Initialized by user-defined `init_weights` in ResNet  

backbone.layer3.3.conv3.conv.weight - torch.Size([1024, 256, 1, 1]): 
Initialized by user-defined `init_weights` in ResNet  

backbone.layer3.3.conv3.bn.weight - torch.Size([1024]): 
Initialized by user-defined `init_weights` in ResNet  

backbone.layer3.3.conv3.bn.bias - torch.Size([1024]): 
Initialized by user-defined `init_weights` in ResNet  

backbone.layer3.4.conv1.conv.weight - torch.Size([256, 1024, 1, 1]): 
Initialized by user-defined `init_weights` in ResNet  

backbone.layer3.4.conv1.bn.weight - torch.Size([256]): 
Initialized by user-defined `init_weights` in ResNet  

backbone.layer3.4.conv1.bn.bias - torch.Size([256]): 
Initialized by user-defined `init_weights` in ResNet  

backbone.layer3.4.conv2.conv.weight - torch.Size([256, 256, 3, 3]): 
Initialized by user-defined `init_weights` in ResNet  

backbone.layer3.4.conv2.bn.weight - torch.Size([256]): 
Initialized by user-defined `init_weights` in ResNet  

backbone.layer3.4.conv2.bn.bias - torch.Size([256]): 
Initialized by user-defined `init_weights` in ResNet  

backbone.layer3.4.conv3.conv.weight - torch.Size([1024, 256, 1, 1]): 
Initialized by user-defined `init_weights` in ResNet  

backbone.layer3.4.conv3.bn.weight - torch.Size([1024]): 
Initialized by user-defined `init_weights` in ResNet  

backbone.layer3.4.conv3.bn.bias - torch.Size([1024]): 
Initialized by user-defined `init_weights` in ResNet  

backbone.layer3.5.conv1.conv.weight - torch.Size([256, 1024, 1, 1]): 
Initialized by user-defined `init_weights` in ResNet  

backbone.layer3.5.conv1.bn.weight - torch.Size([256]): 
Initialized by user-defined `init_weights` in ResNet  

backbone.layer3.5.conv1.bn.bias - torch.Size([256]): 
Initialized by user-defined `init_weights` in ResNet  

backbone.layer3.5.conv2.conv.weight - torch.Size([256, 256, 3, 3]): 
Initialized by user-defined `init_weights` in ResNet  

backbone.layer3.5.conv2.bn.weight - torch.Size([256]): 
Initialized by user-defined `init_weights` in ResNet  

backbone.layer3.5.conv2.bn.bias - torch.Size([256]): 
Initialized by user-defined `init_weights` in ResNet  

backbone.layer3.5.conv3.conv.weight - torch.Size([1024, 256, 1, 1]): 
Initialized by user-defined `init_weights` in ResNet  

backbone.layer3.5.conv3.bn.weight - torch.Size([1024]): 
Initialized by user-defined `init_weights` in ResNet  

backbone.layer3.5.conv3.bn.bias - torch.Size([1024]): 
Initialized by user-defined `init_weights` in ResNet  

backbone.layer4.0.conv1.conv.weight - torch.Size([512, 1024, 1, 1]): 
Initialized by user-defined `init_weights` in ResNet  

backbone.layer4.0.conv1.bn.weight - torch.Size([512]): 
Initialized by user-defined `init_weights` in ResNet  

backbone.layer4.0.conv1.bn.bias - torch.Size([512]): 
Initialized by user-defined `init_weights` in ResNet  

backbone.layer4.0.conv2.conv.weight - torch.Size([512, 512, 3, 3]): 
Initialized by user-defined `init_weights` in ResNet  

backbone.layer4.0.conv2.bn.weight - torch.Size([512]): 
Initialized by user-defined `init_weights` in ResNet  

backbone.layer4.0.conv2.bn.bias - torch.Size([512]): 
Initialized by user-defined `init_weights` in ResNet  

backbone.layer4.0.conv3.conv.weight - torch.Size([2048, 512, 1, 1]): 
Initialized by user-defined `init_weights` in ResNet  

backbone.layer4.0.conv3.bn.weight - torch.Size([2048]): 
Initialized by user-defined `init_weights` in ResNet  

backbone.layer4.0.conv3.bn.bias - torch.Size([2048]): 
Initialized by user-defined `init_weights` in ResNet  

backbone.layer4.0.downsample.conv.weight - torch.Size([2048, 1024, 1, 1]): 
Initialized by user-defined `init_weights` in ResNet  

backbone.layer4.0.downsample.bn.weight - torch.Size([2048]): 
Initialized by user-defined `init_weights` in ResNet  

backbone.layer4.0.downsample.bn.bias - torch.Size([2048]): 
Initialized by user-defined `init_weights` in ResNet  

backbone.layer4.1.conv1.conv.weight - torch.Size([512, 2048, 1, 1]): 
Initialized by user-defined `init_weights` in ResNet  

backbone.layer4.1.conv1.bn.weight - torch.Size([512]): 
Initialized by user-defined `init_weights` in ResNet  

backbone.layer4.1.conv1.bn.bias - torch.Size([512]): 
Initialized by user-defined `init_weights` in ResNet  

backbone.layer4.1.conv2.conv.weight - torch.Size([512, 512, 3, 3]): 
Initialized by user-defined `init_weights` in ResNet  

backbone.layer4.1.conv2.bn.weight - torch.Size([512]): 
Initialized by user-defined `init_weights` in ResNet  

backbone.layer4.1.conv2.bn.bias - torch.Size([512]): 
Initialized by user-defined `init_weights` in ResNet  

backbone.layer4.1.conv3.conv.weight - torch.Size([2048, 512, 1, 1]): 
Initialized by user-defined `init_weights` in ResNet  

backbone.layer4.1.conv3.bn.weight - torch.Size([2048]): 
Initialized by user-defined `init_weights` in ResNet  

backbone.layer4.1.conv3.bn.bias - torch.Size([2048]): 
Initialized by user-defined `init_weights` in ResNet  

backbone.layer4.2.conv1.conv.weight - torch.Size([512, 2048, 1, 1]): 
Initialized by user-defined `init_weights` in ResNet  

backbone.layer4.2.conv1.bn.weight - torch.Size([512]): 
Initialized by user-defined `init_weights` in ResNet  

backbone.layer4.2.conv1.bn.bias - torch.Size([512]): 
Initialized by user-defined `init_weights` in ResNet  

backbone.layer4.2.conv2.conv.weight - torch.Size([512, 512, 3, 3]): 
Initialized by user-defined `init_weights` in ResNet  

backbone.layer4.2.conv2.bn.weight - torch.Size([512]): 
Initialized by user-defined `init_weights` in ResNet  

backbone.layer4.2.conv2.bn.bias - torch.Size([512]): 
Initialized by user-defined `init_weights` in ResNet  

backbone.layer4.2.conv3.conv.weight - torch.Size([2048, 512, 1, 1]): 
Initialized by user-defined `init_weights` in ResNet  

backbone.layer4.2.conv3.bn.weight - torch.Size([2048]): 
Initialized by user-defined `init_weights` in ResNet  

backbone.layer4.2.conv3.bn.bias - torch.Size([2048]): 
Initialized by user-defined `init_weights` in ResNet  

cls_head.fc_cls.weight - torch.Size([2, 2048]): 
Initialized by user-defined `init_weights` in TSNHead  

cls_head.fc_cls.bias - torch.Size([2]): 
Initialized by user-defined `init_weights` in TSNHead  
2023/07/01 16:28:36 - mmengine - INFO - Load checkpoint from https://download.openmmlab.com/mmaction/v1.0/recognition/tsn/tsn_imagenet-pretrained-r50_8xb32-1x1x3-100e_kinetics400-rgb/tsn_imagenet-pretrained-r50_8xb32-1x1x3-100e_kinetics400-rgb_20220906-cd10898e.pth
2023/07/01 16:28:36 - mmengine - WARNING - "FileClient" will be deprecated in future. Please use io functions in https://mmengine.readthedocs.io/en/latest/api/fileio.html#file-io
2023/07/01 16:28:36 - mmengine - WARNING - "HardDiskBackend" is the alias of "LocalBackend" and the former will be deprecated in future.
2023/07/01 16:28:36 - mmengine - INFO - Checkpoints will be saved to /home/cma/mmaction2/work_dirs/tsn_ucf101.
2023/07/01 16:29:19 - mmengine - INFO - Epoch(train)  [1][20/32]  lr: 5.0000e-03  eta: 0:57:22  time: 2.1788  data_time: 1.0076  memory: 1255  grad_norm: 10.8733  loss: 0.7972  top1_acc: 0.0000  top5_acc: 1.0000  loss_cls: 0.7972
2023/07/01 16:29:31 - mmengine - INFO - Exp name: tsn_ucf101_20230701_162749
2023/07/01 16:29:31 - mmengine - INFO - Epoch(train)  [1][32/32]  lr: 5.0000e-03  eta: 0:45:30  time: 1.0775  data_time: 0.8813  memory: 1255  grad_norm: 14.0766  loss: 0.7860  top1_acc: 0.0000  top5_acc: 1.0000  loss_cls: 0.7860
2023/07/01 16:29:41 - mmengine - INFO - Epoch(val) [1][9/9]    acc/top1: 0.7778  acc/top5: 1.0000  acc/mean1: 0.5000  data_time: 1.0338  time: 1.1024
2023/07/01 16:29:42 - mmengine - INFO - The best checkpoint with 0.7778 acc/top1 at 1 epoch is saved to best_acc_top1_epoch_1.pth.
2023/07/01 16:30:03 - mmengine - INFO - Epoch(train)  [2][20/32]  lr: 5.0000e-03  eta: 0:38:15  time: 1.0689  data_time: 0.8691  memory: 1255  grad_norm: 15.0812  loss: 0.7539  top1_acc: 0.5000  top5_acc: 1.0000  loss_cls: 0.7539
2023/07/01 16:30:15 - mmengine - INFO - Exp name: tsn_ucf101_20230701_162749
2023/07/01 16:30:15 - mmengine - INFO - Epoch(train)  [2][32/32]  lr: 5.0000e-03  eta: 0:35:29  time: 0.9925  data_time: 0.7978  memory: 1255  grad_norm: 14.8634  loss: 0.7763  top1_acc: 1.0000  top5_acc: 1.0000  loss_cls: 0.7763
2023/07/01 16:30:24 - mmengine - INFO - Epoch(val) [2][9/9]    acc/top1: 0.5833  acc/top5: 1.0000  acc/mean1: 0.6429  data_time: 0.9984  time: 1.0672
2023/07/01 16:30:46 - mmengine - INFO - Epoch(train)  [3][20/32]  lr: 5.0000e-03  eta: 0:33:05  time: 1.0659  data_time: 0.8654  memory: 1255  grad_norm: 11.7330  loss: 0.6740  top1_acc: 0.2500  top5_acc: 1.0000  loss_cls: 0.6740
2023/07/01 16:30:58 - mmengine - INFO - Exp name: tsn_ucf101_20230701_162749
2023/07/01 16:30:58 - mmengine - INFO - Epoch(train)  [3][32/32]  lr: 5.0000e-03  eta: 0:31:53  time: 1.0274  data_time: 0.8324  memory: 1255  grad_norm: 12.5879  loss: 0.7503  top1_acc: 1.0000  top5_acc: 1.0000  loss_cls: 0.7503
2023/07/01 16:30:58 - mmengine - INFO - Saving checkpoint at 3 epochs
2023/07/01 16:31:08 - mmengine - INFO - Epoch(val) [3][9/9]    acc/top1: 0.5000  acc/top5: 1.0000  acc/mean1: 0.4554  data_time: 0.9869  time: 1.0558
2023/07/01 16:31:28 - mmengine - INFO - Epoch(train)  [4][20/32]  lr: 5.0000e-03  eta: 0:30:23  time: 1.0199  data_time: 0.8195  memory: 1255  grad_norm: 10.6276  loss: 0.7695  top1_acc: 0.5000  top5_acc: 1.0000  loss_cls: 0.7695
2023/07/01 16:31:39 - mmengine - INFO - Exp name: tsn_ucf101_20230701_162749
2023/07/01 16:31:39 - mmengine - INFO - Epoch(train)  [4][32/32]  lr: 5.0000e-03  eta: 0:29:25  time: 0.9608  data_time: 0.7655  memory: 1255  grad_norm: 10.0592  loss: 0.7379  top1_acc: 0.5000  top5_acc: 1.0000  loss_cls: 0.7379
2023/07/01 16:31:48 - mmengine - INFO - Epoch(val) [4][9/9]    acc/top1: 0.6944  acc/top5: 1.0000  acc/mean1: 0.5357  data_time: 0.9870  time: 1.0557
2023/07/01 16:32:09 - mmengine - INFO - Epoch(train)  [5][20/32]  lr: 5.0000e-03  eta: 0:28:30  time: 1.0416  data_time: 0.8409  memory: 1255  grad_norm: 8.0606  loss: 0.6711  top1_acc: 0.5000  top5_acc: 1.0000  loss_cls: 0.6711
2023/07/01 16:32:20 - mmengine - INFO - Exp name: tsn_ucf101_20230701_162749
2023/07/01 16:32:20 - mmengine - INFO - Epoch(train)  [5][32/32]  lr: 5.0000e-03  eta: 0:27:45  time: 0.9580  data_time: 0.7625  memory: 1255  grad_norm: 8.2717  loss: 0.7779  top1_acc: 1.0000  top5_acc: 1.0000  loss_cls: 0.7779
2023/07/01 16:32:29 - mmengine - INFO - Epoch(val) [5][9/9]    acc/top1: 0.3611  acc/top5: 1.0000  acc/mean1: 0.5893  data_time: 0.9869  time: 1.0557
2023/07/01 16:32:51 - mmengine - INFO - Epoch(train)  [6][20/32]  lr: 5.0000e-03  eta: 0:27:10  time: 1.0846  data_time: 0.8840  memory: 1255  grad_norm: 6.9517  loss: 0.6638  top1_acc: 0.7500  top5_acc: 1.0000  loss_cls: 0.6638
2023/07/01 16:33:02 - mmengine - INFO - Exp name: tsn_ucf101_20230701_162749
2023/07/01 16:33:02 - mmengine - INFO - Epoch(train)  [6][32/32]  lr: 5.0000e-03  eta: 0:26:39  time: 0.9984  data_time: 0.8029  memory: 1255  grad_norm: 7.4919  loss: 0.6912  top1_acc: 0.5000  top5_acc: 1.0000  loss_cls: 0.6912
2023/07/01 16:33:02 - mmengine - INFO - Saving checkpoint at 6 epochs
2023/07/01 16:33:12 - mmengine - INFO - Epoch(val) [6][9/9]    acc/top1: 0.4722  acc/top5: 1.0000  acc/mean1: 0.3929  data_time: 0.9876  time: 1.0564
2023/07/01 16:33:32 - mmengine - INFO - Epoch(train)  [7][20/32]  lr: 5.0000e-03  eta: 0:25:57  time: 0.9895  data_time: 0.7888  memory: 1255  grad_norm: 7.0152  loss: 0.5947  top1_acc: 0.7500  top5_acc: 1.0000  loss_cls: 0.5947
2023/07/01 16:33:43 - mmengine - INFO - Exp name: tsn_ucf101_20230701_162749
2023/07/01 16:33:43 - mmengine - INFO - Epoch(train)  [7][32/32]  lr: 5.0000e-03  eta: 0:25:29  time: 0.9457  data_time: 0.7505  memory: 1255  grad_norm: 8.7996  loss: 0.6762  top1_acc: 0.5000  top5_acc: 1.0000  loss_cls: 0.6762
2023/07/01 16:33:53 - mmengine - INFO - Epoch(val) [7][9/9]    acc/top1: 0.5556  acc/top5: 1.0000  acc/mean1: 0.3571  data_time: 0.9949  time: 1.0637
2023/07/01 16:34:13 - mmengine - INFO - Epoch(train)  [8][20/32]  lr: 5.0000e-03  eta: 0:24:54  time: 0.9907  data_time: 0.7895  memory: 1255  grad_norm: 7.8855  loss: 0.5820  top1_acc: 0.7500  top5_acc: 1.0000  loss_cls: 0.5820
2023/07/01 16:34:24 - mmengine - INFO - Exp name: tsn_ucf101_20230701_162749
2023/07/01 16:34:24 - mmengine - INFO - Epoch(train)  [8][32/32]  lr: 5.0000e-03  eta: 0:24:32  time: 0.9911  data_time: 0.7956  memory: 1255  grad_norm: 8.9664  loss: 0.7116  top1_acc: 0.5000  top5_acc: 1.0000  loss_cls: 0.7116
2023/07/01 16:34:34 - mmengine - INFO - Epoch(val) [8][9/9]    acc/top1: 0.6667  acc/top5: 1.0000  acc/mean1: 0.4732  data_time: 0.9989  time: 1.0677
2023/07/01 16:34:55 - mmengine - INFO - Epoch(train)  [9][20/32]  lr: 5.0000e-03  eta: 0:24:05  time: 1.0401  data_time: 0.8391  memory: 1255  grad_norm: 6.5926  loss: 0.5866  top1_acc: 0.7500  top5_acc: 1.0000  loss_cls: 0.5866
2023/07/01 16:35:06 - mmengine - INFO - Exp name: tsn_ucf101_20230701_162749
2023/07/01 16:35:06 - mmengine - INFO - Epoch(train)  [9][32/32]  lr: 5.0000e-03  eta: 0:23:43  time: 0.9662  data_time: 0.7706  memory: 1255  grad_norm: 6.6090  loss: 0.5558  top1_acc: 1.0000  top5_acc: 1.0000  loss_cls: 0.5558
2023/07/01 16:35:06 - mmengine - INFO - Saving checkpoint at 9 epochs
2023/07/01 16:35:16 - mmengine - INFO - Epoch(val) [9][9/9]    acc/top1: 0.4167  acc/top5: 1.0000  acc/mean1: 0.4464  data_time: 0.9926  time: 1.0614
2023/07/01 16:35:36 - mmengine - INFO - Epoch(train) [10][20/32]  lr: 5.0000e-03  eta: 0:23:16  time: 1.0149  data_time: 0.8143  memory: 1255  grad_norm: 8.1552  loss: 0.6491  top1_acc: 0.5000  top5_acc: 1.0000  loss_cls: 0.6491
2023/07/01 16:35:47 - mmengine - INFO - Exp name: tsn_ucf101_20230701_162749
2023/07/01 16:35:47 - mmengine - INFO - Epoch(train) [10][32/32]  lr: 5.0000e-03  eta: 0:22:56  time: 0.9692  data_time: 0.7735  memory: 1255  grad_norm: 8.7637  loss: 0.6518  top1_acc: 0.5000  top5_acc: 1.0000  loss_cls: 0.6518
2023/07/01 16:35:57 - mmengine - INFO - Epoch(val) [10][9/9]    acc/top1: 0.6389  acc/top5: 1.0000  acc/mean1: 0.5446  data_time: 0.9843  time: 1.0530
2023/07/01 16:36:17 - mmengine - INFO - Epoch(train) [11][20/32]  lr: 5.0000e-03  eta: 0:22:29  time: 1.0011  data_time: 0.8002  memory: 1255  grad_norm: 8.0260  loss: 0.6617  top1_acc: 0.5000  top5_acc: 1.0000  loss_cls: 0.6617
2023/07/01 16:36:27 - mmengine - INFO - Exp name: tsn_ucf101_20230701_162749
2023/07/01 16:36:27 - mmengine - INFO - Epoch(train) [11][32/32]  lr: 5.0000e-03  eta: 0:22:09  time: 0.9176  data_time: 0.7215  memory: 1255  grad_norm: 8.0800  loss: 0.6830  top1_acc: 0.5000  top5_acc: 1.0000  loss_cls: 0.6830
2023/07/01 16:36:37 - mmengine - INFO - Epoch(val) [11][9/9]    acc/top1: 0.5000  acc/top5: 1.0000  acc/mean1: 0.5446  data_time: 0.9846  time: 1.0534
2023/07/01 16:36:58 - mmengine - INFO - Epoch(train) [12][20/32]  lr: 5.0000e-03  eta: 0:21:45  time: 1.0320  data_time: 0.8306  memory: 1255  grad_norm: 7.7383  loss: 0.5870  top1_acc: 0.2500  top5_acc: 1.0000  loss_cls: 0.5870
2023/07/01 16:37:10 - mmengine - INFO - Exp name: tsn_ucf101_20230701_162749
2023/07/01 16:37:10 - mmengine - INFO - Epoch(train) [12][32/32]  lr: 5.0000e-03  eta: 0:21:30  time: 1.0062  data_time: 0.8105  memory: 1255  grad_norm: 8.4196  loss: 0.6437  top1_acc: 0.5000  top5_acc: 1.0000  loss_cls: 0.6437
2023/07/01 16:37:10 - mmengine - INFO - Saving checkpoint at 12 epochs
2023/07/01 16:37:19 - mmengine - INFO - Epoch(val) [12][9/9]    acc/top1: 0.5556  acc/top5: 1.0000  acc/mean1: 0.4911  data_time: 0.9876  time: 1.0565
2023/07/01 16:37:39 - mmengine - INFO - Epoch(train) [13][20/32]  lr: 5.0000e-03  eta: 0:21:05  time: 0.9989  data_time: 0.7976  memory: 1255  grad_norm: 8.2365  loss: 0.6513  top1_acc: 0.5000  top5_acc: 1.0000  loss_cls: 0.6513
2023/07/01 16:37:51 - mmengine - INFO - Exp name: tsn_ucf101_20230701_162749
2023/07/01 16:37:51 - mmengine - INFO - Epoch(train) [13][32/32]  lr: 5.0000e-03  eta: 0:20:48  time: 0.9367  data_time: 0.7409  memory: 1255  grad_norm: 7.8511  loss: 0.6341  top1_acc: 0.5000  top5_acc: 1.0000  loss_cls: 0.6341
2023/07/01 16:38:00 - mmengine - INFO - Epoch(val) [13][9/9]    acc/top1: 0.4167  acc/top5: 1.0000  acc/mean1: 0.4911  data_time: 0.9826  time: 1.0515
2023/07/01 16:38:21 - mmengine - INFO - Epoch(train) [14][20/32]  lr: 5.0000e-03  eta: 0:20:27  time: 1.0422  data_time: 0.8409  memory: 1255  grad_norm: 9.0365  loss: 0.6967  top1_acc: 0.7500  top5_acc: 1.0000  loss_cls: 0.6967
2023/07/01 16:38:32 - mmengine - INFO - Exp name: tsn_ucf101_20230701_162749
2023/07/01 16:38:32 - mmengine - INFO - Epoch(train) [14][32/32]  lr: 5.0000e-03  eta: 0:20:11  time: 0.9936  data_time: 0.7978  memory: 1255  grad_norm: 7.8724  loss: 0.6090  top1_acc: 0.5000  top5_acc: 1.0000  loss_cls: 0.6090
2023/07/01 16:38:42 - mmengine - INFO - Epoch(val) [14][9/9]    acc/top1: 0.4444  acc/top5: 1.0000  acc/mean1: 0.4196  data_time: 0.9964  time: 1.0653
2023/07/01 16:39:03 - mmengine - INFO - Epoch(train) [15][20/32]  lr: 5.0000e-03  eta: 0:19:51  time: 1.0727  data_time: 0.8716  memory: 1255  grad_norm: 8.5971  loss: 0.7338  top1_acc: 0.5000  top5_acc: 1.0000  loss_cls: 0.7338
2023/07/01 16:39:15 - mmengine - INFO - Exp name: tsn_ucf101_20230701_162749
2023/07/01 16:39:15 - mmengine - INFO - Epoch(train) [15][32/32]  lr: 5.0000e-03  eta: 0:19:35  time: 1.0186  data_time: 0.8228  memory: 1255  grad_norm: 7.1214  loss: 0.6543  top1_acc: 1.0000  top5_acc: 1.0000  loss_cls: 0.6543
2023/07/01 16:39:15 - mmengine - INFO - Saving checkpoint at 15 epochs
2023/07/01 16:39:25 - mmengine - INFO - Epoch(val) [15][9/9]    acc/top1: 0.6111  acc/top5: 1.0000  acc/mean1: 0.6607  data_time: 0.9913  time: 1.0610
2023/07/01 16:39:45 - mmengine - INFO - Epoch(train) [16][20/32]  lr: 5.0000e-03  eta: 0:19:13  time: 1.0203  data_time: 0.8191  memory: 1255  grad_norm: 6.3022  loss: 0.5322  top1_acc: 0.7500  top5_acc: 1.0000  loss_cls: 0.5322
2023/07/01 16:39:56 - mmengine - INFO - Exp name: tsn_ucf101_20230701_162749
2023/07/01 16:39:56 - mmengine - INFO - Epoch(train) [16][32/32]  lr: 5.0000e-03  eta: 0:18:57  time: 0.9839  data_time: 0.7880  memory: 1255  grad_norm: 7.0653  loss: 0.5911  top1_acc: 1.0000  top5_acc: 1.0000  loss_cls: 0.5911
2023/07/01 16:40:06 - mmengine - INFO - Epoch(val) [16][9/9]    acc/top1: 0.6111  acc/top5: 1.0000  acc/mean1: 0.4821  data_time: 0.9870  time: 1.0557
2023/07/01 16:40:27 - mmengine - INFO - Epoch(train) [17][20/32]  lr: 5.0000e-03  eta: 0:18:37  time: 1.0560  data_time: 0.8549  memory: 1255  grad_norm: 6.6124  loss: 0.5484  top1_acc: 1.0000  top5_acc: 1.0000  loss_cls: 0.5484
2023/07/01 16:40:38 - mmengine - INFO - Exp name: tsn_ucf101_20230701_162749
2023/07/01 16:40:38 - mmengine - INFO - Epoch(train) [17][32/32]  lr: 5.0000e-03  eta: 0:18:21  time: 0.9791  data_time: 0.7831  memory: 1255  grad_norm: 6.0283  loss: 0.5086  top1_acc: 1.0000  top5_acc: 1.0000  loss_cls: 0.5086
2023/07/01 16:40:47 - mmengine - INFO - Epoch(val) [17][9/9]    acc/top1: 0.6389  acc/top5: 1.0000  acc/mean1: 0.5000  data_time: 0.9970  time: 1.0660
2023/07/01 16:41:08 - mmengine - INFO - Epoch(train) [18][20/32]  lr: 5.0000e-03  eta: 0:17:59  time: 1.0121  data_time: 0.8112  memory: 1255  grad_norm: 8.0475  loss: 0.6168  top1_acc: 0.5000  top5_acc: 1.0000  loss_cls: 0.6168
2023/07/01 16:41:19 - mmengine - INFO - Exp name: tsn_ucf101_20230701_162749
2023/07/01 16:41:19 - mmengine - INFO - Epoch(train) [18][32/32]  lr: 5.0000e-03  eta: 0:17:45  time: 0.9869  data_time: 0.7908  memory: 1255  grad_norm: 7.4580  loss: 0.5540  top1_acc: 0.5000  top5_acc: 1.0000  loss_cls: 0.5540
2023/07/01 16:41:19 - mmengine - INFO - Saving checkpoint at 18 epochs
2023/07/01 16:41:29 - mmengine - INFO - Epoch(val) [18][9/9]    acc/top1: 0.5833  acc/top5: 1.0000  acc/mean1: 0.3750  data_time: 0.9919  time: 1.0607
2023/07/01 16:41:50 - mmengine - INFO - Epoch(train) [19][20/32]  lr: 5.0000e-03  eta: 0:17:24  time: 1.0198  data_time: 0.8187  memory: 1255  grad_norm: 6.7857  loss: 0.5601  top1_acc: 0.2500  top5_acc: 1.0000  loss_cls: 0.5601
2023/07/01 16:42:01 - mmengine - INFO - Exp name: tsn_ucf101_20230701_162749
2023/07/01 16:42:01 - mmengine - INFO - Epoch(train) [19][32/32]  lr: 5.0000e-03  eta: 0:17:11  time: 0.9829  data_time: 0.7868  memory: 1255  grad_norm: 6.3216  loss: 0.5425  top1_acc: 1.0000  top5_acc: 1.0000  loss_cls: 0.5425
2023/07/01 16:42:11 - mmengine - INFO - Epoch(val) [19][9/9]    acc/top1: 0.4444  acc/top5: 1.0000  acc/mean1: 0.6429  data_time: 0.9925  time: 1.0613
2023/07/01 16:42:32 - mmengine - INFO - Epoch(train) [20][20/32]  lr: 5.0000e-03  eta: 0:16:51  time: 1.0699  data_time: 0.8687  memory: 1255  grad_norm: 7.4696  loss: 0.6772  top1_acc: 1.0000  top5_acc: 1.0000  loss_cls: 0.6772
2023/07/01 16:42:44 - mmengine - INFO - Exp name: tsn_ucf101_20230701_162749
2023/07/01 16:42:44 - mmengine - INFO - Epoch(train) [20][32/32]  lr: 5.0000e-03  eta: 0:16:36  time: 0.9819  data_time: 0.7860  memory: 1255  grad_norm: 6.4055  loss: 0.5858  top1_acc: 0.5000  top5_acc: 1.0000  loss_cls: 0.5858
2023/07/01 16:42:53 - mmengine - INFO - Epoch(val) [20][9/9]    acc/top1: 0.6667  acc/top5: 1.0000  acc/mean1: 0.6071  data_time: 0.9914  time: 1.0603
2023/07/01 16:43:14 - mmengine - INFO - Epoch(train) [21][20/32]  lr: 5.0000e-04  eta: 0:16:16  time: 1.0441  data_time: 0.8428  memory: 1255  grad_norm: 5.8606  loss: 0.5395  top1_acc: 0.7500  top5_acc: 1.0000  loss_cls: 0.5395
2023/07/01 16:43:25 - mmengine - INFO - Exp name: tsn_ucf101_20230701_162749
2023/07/01 16:43:25 - mmengine - INFO - Epoch(train) [21][32/32]  lr: 5.0000e-04  eta: 0:16:02  time: 0.9918  data_time: 0.7957  memory: 1255  grad_norm: 5.5426  loss: 0.4498  top1_acc: 1.0000  top5_acc: 1.0000  loss_cls: 0.4498
2023/07/01 16:43:25 - mmengine - INFO - Saving checkpoint at 21 epochs
2023/07/01 16:43:35 - mmengine - INFO - Epoch(val) [21][9/9]    acc/top1: 0.5000  acc/top5: 1.0000  acc/mean1: 0.5893  data_time: 0.9853  time: 1.0551
2023/07/01 16:43:56 - mmengine - INFO - Epoch(train) [22][20/32]  lr: 5.0000e-04  eta: 0:15:41  time: 1.0463  data_time: 0.8445  memory: 1255  grad_norm: 5.5638  loss: 0.4674  top1_acc: 0.7500  top5_acc: 1.0000  loss_cls: 0.4674
2023/07/01 16:44:07 - mmengine - INFO - Exp name: tsn_ucf101_20230701_162749
2023/07/01 16:44:07 - mmengine - INFO - Epoch(train) [22][32/32]  lr: 5.0000e-04  eta: 0:15:27  time: 0.9993  data_time: 0.8029  memory: 1255  grad_norm: 6.0325  loss: 0.5133  top1_acc: 1.0000  top5_acc: 1.0000  loss_cls: 0.5133
2023/07/01 16:44:17 - mmengine - INFO - Epoch(val) [22][9/9]    acc/top1: 0.6389  acc/top5: 1.0000  acc/mean1: 0.7232  data_time: 1.0163  time: 1.0853
2023/07/01 16:44:37 - mmengine - INFO - Epoch(train) [23][20/32]  lr: 5.0000e-04  eta: 0:15:05  time: 0.9925  data_time: 0.7911  memory: 1255  grad_norm: 5.5061  loss: 0.4792  top1_acc: 1.0000  top5_acc: 1.0000  loss_cls: 0.4792
2023/07/01 16:44:49 - mmengine - INFO - Exp name: tsn_ucf101_20230701_162749
2023/07/01 16:44:49 - mmengine - INFO - Epoch(train) [23][32/32]  lr: 5.0000e-04  eta: 0:14:52  time: 0.9840  data_time: 0.7877  memory: 1255  grad_norm: 6.2182  loss: 0.5117  top1_acc: 1.0000  top5_acc: 1.0000  loss_cls: 0.5117
2023/07/01 16:44:58 - mmengine - INFO - Epoch(val) [23][9/9]    acc/top1: 0.6389  acc/top5: 1.0000  acc/mean1: 0.7232  data_time: 0.9972  time: 1.0662
2023/07/01 16:45:19 - mmengine - INFO - Epoch(train) [24][20/32]  lr: 5.0000e-04  eta: 0:14:32  time: 1.0311  data_time: 0.8298  memory: 1255  grad_norm: 5.9169  loss: 0.4944  top1_acc: 0.7500  top5_acc: 1.0000  loss_cls: 0.4944
2023/07/01 16:45:30 - mmengine - INFO - Exp name: tsn_ucf101_20230701_162749
2023/07/01 16:45:30 - mmengine - INFO - Epoch(train) [24][32/32]  lr: 5.0000e-04  eta: 0:14:18  time: 1.0006  data_time: 0.8045  memory: 1255  grad_norm: 6.2592  loss: 0.5086  top1_acc: 1.0000  top5_acc: 1.0000  loss_cls: 0.5086
2023/07/01 16:45:30 - mmengine - INFO - Saving checkpoint at 24 epochs
2023/07/01 16:45:40 - mmengine - INFO - Epoch(val) [24][9/9]    acc/top1: 0.6111  acc/top5: 1.0000  acc/mean1: 0.7054  data_time: 0.9948  time: 1.0639
2023/07/01 16:46:00 - mmengine - INFO - Epoch(train) [25][20/32]  lr: 5.0000e-04  eta: 0:13:57  time: 0.9941  data_time: 0.7929  memory: 1255  grad_norm: 6.0591  loss: 0.4902  top1_acc: 0.7500  top5_acc: 1.0000  loss_cls: 0.4902
2023/07/01 16:46:12 - mmengine - INFO - Exp name: tsn_ucf101_20230701_162749
2023/07/01 16:46:12 - mmengine - INFO - Epoch(train) [25][32/32]  lr: 5.0000e-04  eta: 0:13:43  time: 0.9861  data_time: 0.7905  memory: 1255  grad_norm: 5.6953  loss: 0.4691  top1_acc: 1.0000  top5_acc: 1.0000  loss_cls: 0.4691
2023/07/01 16:46:21 - mmengine - INFO - Epoch(val) [25][9/9]    acc/top1: 0.6389  acc/top5: 1.0000  acc/mean1: 0.7232  data_time: 0.9844  time: 1.0533
2023/07/01 16:46:41 - mmengine - INFO - Epoch(train) [26][20/32]  lr: 5.0000e-04  eta: 0:13:22  time: 1.0011  data_time: 0.8006  memory: 1255  grad_norm: 5.6664  loss: 0.4494  top1_acc: 1.0000  top5_acc: 1.0000  loss_cls: 0.4494
2023/07/01 16:46:52 - mmengine - INFO - Exp name: tsn_ucf101_20230701_162749
2023/07/01 16:46:52 - mmengine - INFO - Epoch(train) [26][32/32]  lr: 5.0000e-04  eta: 0:13:09  time: 0.9761  data_time: 0.7804  memory: 1255  grad_norm: 6.2424  loss: 0.4970  top1_acc: 1.0000  top5_acc: 1.0000  loss_cls: 0.4970
2023/07/01 16:47:02 - mmengine - INFO - Epoch(val) [26][9/9]    acc/top1: 0.5833  acc/top5: 1.0000  acc/mean1: 0.6875  data_time: 0.9923  time: 1.0611
2023/07/01 16:47:22 - mmengine - INFO - Epoch(train) [27][20/32]  lr: 5.0000e-04  eta: 0:12:48  time: 1.0210  data_time: 0.8197  memory: 1255  grad_norm: 5.2362  loss: 0.4142  top1_acc: 1.0000  top5_acc: 1.0000  loss_cls: 0.4142
2023/07/01 16:47:34 - mmengine - INFO - Exp name: tsn_ucf101_20230701_162749
2023/07/01 16:47:34 - mmengine - INFO - Epoch(train) [27][32/32]  lr: 5.0000e-04  eta: 0:12:36  time: 1.0081  data_time: 0.8125  memory: 1255  grad_norm: 5.4310  loss: 0.4124  top1_acc: 0.5000  top5_acc: 1.0000  loss_cls: 0.4124
2023/07/01 16:47:34 - mmengine - INFO - Saving checkpoint at 27 epochs
2023/07/01 16:47:44 - mmengine - INFO - Epoch(val) [27][9/9]    acc/top1: 0.6111  acc/top5: 1.0000  acc/mean1: 0.6161  data_time: 0.9842  time: 1.0531
2023/07/01 16:48:05 - mmengine - INFO - Epoch(train) [28][20/32]  lr: 5.0000e-04  eta: 0:12:15  time: 1.0236  data_time: 0.8227  memory: 1255  grad_norm: 5.0792  loss: 0.3679  top1_acc: 1.0000  top5_acc: 1.0000  loss_cls: 0.3679
2023/07/01 16:48:16 - mmengine - INFO - Exp name: tsn_ucf101_20230701_162749
2023/07/01 16:48:16 - mmengine - INFO - Epoch(train) [28][32/32]  lr: 5.0000e-04  eta: 0:12:02  time: 0.9648  data_time: 0.7687  memory: 1255  grad_norm: 4.8225  loss: 0.3419  top1_acc: 1.0000  top5_acc: 1.0000  loss_cls: 0.3419
2023/07/01 16:48:26 - mmengine - INFO - Epoch(val) [28][9/9]    acc/top1: 0.5556  acc/top5: 1.0000  acc/mean1: 0.6696  data_time: 0.9995  time: 1.0683
2023/07/01 16:48:46 - mmengine - INFO - Epoch(train) [29][20/32]  lr: 5.0000e-04  eta: 0:11:41  time: 1.0025  data_time: 0.8011  memory: 1255  grad_norm: 6.6975  loss: 0.5208  top1_acc: 0.2500  top5_acc: 1.0000  loss_cls: 0.5208
2023/07/01 16:48:56 - mmengine - INFO - Exp name: tsn_ucf101_20230701_162749
2023/07/01 16:48:56 - mmengine - INFO - Epoch(train) [29][32/32]  lr: 5.0000e-04  eta: 0:11:28  time: 0.9349  data_time: 0.7393  memory: 1255  grad_norm: 5.3361  loss: 0.4055  top1_acc: 1.0000  top5_acc: 1.0000  loss_cls: 0.4055
2023/07/01 16:49:06 - mmengine - INFO - Epoch(val) [29][9/9]    acc/top1: 0.6389  acc/top5: 1.0000  acc/mean1: 0.6786  data_time: 0.9891  time: 1.0581
2023/07/01 16:49:26 - mmengine - INFO - Epoch(train) [30][20/32]  lr: 5.0000e-04  eta: 0:11:07  time: 1.0274  data_time: 0.8262  memory: 1255  grad_norm: 5.7809  loss: 0.4255  top1_acc: 0.7500  top5_acc: 1.0000  loss_cls: 0.4255
2023/07/01 16:49:38 - mmengine - INFO - Exp name: tsn_ucf101_20230701_162749
2023/07/01 16:49:38 - mmengine - INFO - Epoch(train) [30][32/32]  lr: 5.0000e-04  eta: 0:10:54  time: 0.9595  data_time: 0.7639  memory: 1255  grad_norm: 5.6141  loss: 0.3993  top1_acc: 1.0000  top5_acc: 1.0000  loss_cls: 0.3993
2023/07/01 16:49:38 - mmengine - INFO - Saving checkpoint at 30 epochs
2023/07/01 16:49:47 - mmengine - INFO - Epoch(val) [30][9/9]    acc/top1: 0.6389  acc/top5: 1.0000  acc/mean1: 0.6339  data_time: 0.9968  time: 1.0657
2023/07/01 16:50:07 - mmengine - INFO - Epoch(train) [31][20/32]  lr: 5.0000e-04  eta: 0:10:33  time: 0.9903  data_time: 0.7885  memory: 1255  grad_norm: 5.5756  loss: 0.4071  top1_acc: 1.0000  top5_acc: 1.0000  loss_cls: 0.4071
2023/07/01 16:50:19 - mmengine - INFO - Exp name: tsn_ucf101_20230701_162749
2023/07/01 16:50:19 - mmengine - INFO - Epoch(train) [31][32/32]  lr: 5.0000e-04  eta: 0:10:20  time: 0.9684  data_time: 0.7723  memory: 1255  grad_norm: 6.3590  loss: 0.4553  top1_acc: 1.0000  top5_acc: 1.0000  loss_cls: 0.4553
2023/07/01 16:50:28 - mmengine - INFO - Epoch(val) [31][9/9]    acc/top1: 0.5833  acc/top5: 1.0000  acc/mean1: 0.6875  data_time: 0.9873  time: 1.0560
2023/07/01 16:50:36 - mmengine - INFO - Exp name: tsn_ucf101_20230701_162749
2023/07/01 16:50:49 - mmengine - INFO - Epoch(train) [32][20/32]  lr: 5.0000e-04  eta: 0:10:00  time: 1.0466  data_time: 0.8457  memory: 1255  grad_norm: 6.1448  loss: 0.4606  top1_acc: 1.0000  top5_acc: 1.0000  loss_cls: 0.4606
2023/07/01 16:51:00 - mmengine - INFO - Exp name: tsn_ucf101_20230701_162749
2023/07/01 16:51:00 - mmengine - INFO - Epoch(train) [32][32/32]  lr: 5.0000e-04  eta: 0:09:48  time: 0.9818  data_time: 0.7860  memory: 1255  grad_norm: 6.3854  loss: 0.4317  top1_acc: 1.0000  top5_acc: 1.0000  loss_cls: 0.4317
2023/07/01 16:51:10 - mmengine - INFO - Epoch(val) [32][9/9]    acc/top1: 0.6944  acc/top5: 1.0000  acc/mean1: 0.7143  data_time: 0.9878  time: 1.0566
2023/07/01 16:51:30 - mmengine - INFO - Epoch(train) [33][20/32]  lr: 5.0000e-04  eta: 0:09:27  time: 1.0000  data_time: 0.7986  memory: 1255  grad_norm: 5.6567  loss: 0.3712  top1_acc: 1.0000  top5_acc: 1.0000  loss_cls: 0.3712
2023/07/01 16:51:42 - mmengine - INFO - Exp name: tsn_ucf101_20230701_162749
2023/07/01 16:51:42 - mmengine - INFO - Epoch(train) [33][32/32]  lr: 5.0000e-04  eta: 0:09:14  time: 0.9806  data_time: 0.7849  memory: 1255  grad_norm: 6.8810  loss: 0.4716  top1_acc: 0.5000  top5_acc: 1.0000  loss_cls: 0.4716
2023/07/01 16:51:42 - mmengine - INFO - Saving checkpoint at 33 epochs
2023/07/01 16:51:52 - mmengine - INFO - Epoch(val) [33][9/9]    acc/top1: 0.6111  acc/top5: 1.0000  acc/mean1: 0.6607  data_time: 1.0012  time: 1.0703
2023/07/01 16:52:12 - mmengine - INFO - Epoch(train) [34][20/32]  lr: 5.0000e-04  eta: 0:08:54  time: 1.0289  data_time: 0.8271  memory: 1255  grad_norm: 5.6035  loss: 0.4107  top1_acc: 0.7500  top5_acc: 1.0000  loss_cls: 0.4107
2023/07/01 16:52:24 - mmengine - INFO - Exp name: tsn_ucf101_20230701_162749
2023/07/01 16:52:24 - mmengine - INFO - Epoch(train) [34][32/32]  lr: 5.0000e-04  eta: 0:08:42  time: 1.0058  data_time: 0.8097  memory: 1255  grad_norm: 5.2669  loss: 0.3558  top1_acc: 1.0000  top5_acc: 1.0000  loss_cls: 0.3558
2023/07/01 16:52:34 - mmengine - INFO - Epoch(val) [34][9/9]    acc/top1: 0.6667  acc/top5: 1.0000  acc/mean1: 0.6964  data_time: 0.9844  time: 1.0535
2023/07/01 16:52:54 - mmengine - INFO - Epoch(train) [35][20/32]  lr: 5.0000e-04  eta: 0:08:21  time: 1.0352  data_time: 0.8336  memory: 1255  grad_norm: 5.1814  loss: 0.3464  top1_acc: 0.5000  top5_acc: 1.0000  loss_cls: 0.3464
2023/07/01 16:53:05 - mmengine - INFO - Exp name: tsn_ucf101_20230701_162749
2023/07/01 16:53:05 - mmengine - INFO - Epoch(train) [35][32/32]  lr: 5.0000e-04  eta: 0:08:09  time: 0.9464  data_time: 0.7501  memory: 1255  grad_norm: 6.3877  loss: 0.4192  top1_acc: 0.5000  top5_acc: 1.0000  loss_cls: 0.4192
2023/07/01 16:53:15 - mmengine - INFO - Epoch(val) [35][9/9]    acc/top1: 0.6944  acc/top5: 1.0000  acc/mean1: 0.7143  data_time: 0.9928  time: 1.0615
2023/07/01 16:53:34 - mmengine - INFO - Epoch(train) [36][20/32]  lr: 5.0000e-04  eta: 0:07:48  time: 0.9777  data_time: 0.7761  memory: 1255  grad_norm: 5.6618  loss: 0.3780  top1_acc: 0.7500  top5_acc: 1.0000  loss_cls: 0.3780
2023/07/01 16:53:46 - mmengine - INFO - Exp name: tsn_ucf101_20230701_162749
2023/07/01 16:53:46 - mmengine - INFO - Epoch(train) [36][32/32]  lr: 5.0000e-04  eta: 0:07:36  time: 0.9555  data_time: 0.7593  memory: 1255  grad_norm: 6.7706  loss: 0.4488  top1_acc: 1.0000  top5_acc: 1.0000  loss_cls: 0.4488
2023/07/01 16:53:46 - mmengine - INFO - Saving checkpoint at 36 epochs
2023/07/01 16:53:56 - mmengine - INFO - Epoch(val) [36][9/9]    acc/top1: 0.6111  acc/top5: 1.0000  acc/mean1: 0.6607  data_time: 0.9823  time: 1.0513
2023/07/01 16:54:16 - mmengine - INFO - Epoch(train) [37][20/32]  lr: 5.0000e-04  eta: 0:07:15  time: 1.0127  data_time: 0.8110  memory: 1255  grad_norm: 5.3426  loss: 0.3274  top1_acc: 0.7500  top5_acc: 1.0000  loss_cls: 0.3274
2023/07/01 16:54:28 - mmengine - INFO - Exp name: tsn_ucf101_20230701_162749
2023/07/01 16:54:28 - mmengine - INFO - Epoch(train) [37][32/32]  lr: 5.0000e-04  eta: 0:07:03  time: 1.0075  data_time: 0.8114  memory: 1255  grad_norm: 6.3362  loss: 0.4144  top1_acc: 1.0000  top5_acc: 1.0000  loss_cls: 0.4144
2023/07/01 16:54:38 - mmengine - INFO - Epoch(val) [37][9/9]    acc/top1: 0.6944  acc/top5: 1.0000  acc/mean1: 0.7143  data_time: 0.9937  time: 1.0627
2023/07/01 16:54:57 - mmengine - INFO - Epoch(train) [38][20/32]  lr: 5.0000e-04  eta: 0:06:42  time: 0.9676  data_time: 0.7657  memory: 1255  grad_norm: 6.2483  loss: 0.4301  top1_acc: 0.5000  top5_acc: 1.0000  loss_cls: 0.4301
2023/07/01 16:55:08 - mmengine - INFO - Exp name: tsn_ucf101_20230701_162749
2023/07/01 16:55:08 - mmengine - INFO - Epoch(train) [38][32/32]  lr: 5.0000e-04  eta: 0:06:30  time: 0.9473  data_time: 0.7512  memory: 1255  grad_norm: 6.5039  loss: 0.4144  top1_acc: 0.5000  top5_acc: 1.0000  loss_cls: 0.4144
2023/07/01 16:55:18 - mmengine - INFO - Epoch(val) [38][9/9]    acc/top1: 0.6111  acc/top5: 1.0000  acc/mean1: 0.7054  data_time: 0.9847  time: 1.0535
2023/07/01 16:55:38 - mmengine - INFO - Epoch(train) [39][20/32]  lr: 5.0000e-04  eta: 0:06:09  time: 0.9930  data_time: 0.7915  memory: 1255  grad_norm: 6.8026  loss: 0.4317  top1_acc: 1.0000  top5_acc: 1.0000  loss_cls: 0.4317
2023/07/01 16:55:49 - mmengine - INFO - Exp name: tsn_ucf101_20230701_162749
2023/07/01 16:55:49 - mmengine - INFO - Epoch(train) [39][32/32]  lr: 5.0000e-04  eta: 0:05:57  time: 0.9513  data_time: 0.7552  memory: 1255  grad_norm: 7.0515  loss: 0.4312  top1_acc: 0.0000  top5_acc: 1.0000  loss_cls: 0.4312
2023/07/01 16:55:49 - mmengine - INFO - Saving checkpoint at 39 epochs
2023/07/01 16:55:58 - mmengine - INFO - Epoch(val) [39][9/9]    acc/top1: 0.6667  acc/top5: 1.0000  acc/mean1: 0.6964  data_time: 0.9874  time: 1.0574
2023/07/01 16:56:19 - mmengine - INFO - Epoch(train) [40][20/32]  lr: 5.0000e-04  eta: 0:05:36  time: 1.0090  data_time: 0.8072  memory: 1255  grad_norm: 5.3941  loss: 0.3407  top1_acc: 0.5000  top5_acc: 1.0000  loss_cls: 0.3407
2023/07/01 16:56:30 - mmengine - INFO - Exp name: tsn_ucf101_20230701_162749
2023/07/01 16:56:30 - mmengine - INFO - Epoch(train) [40][32/32]  lr: 5.0000e-04  eta: 0:05:24  time: 0.9436  data_time: 0.7476  memory: 1255  grad_norm: 5.9212  loss: 0.3596  top1_acc: 1.0000  top5_acc: 1.0000  loss_cls: 0.3596
2023/07/01 16:56:40 - mmengine - INFO - Epoch(val) [40][9/9]    acc/top1: 0.6389  acc/top5: 1.0000  acc/mean1: 0.6786  data_time: 0.9965  time: 1.0654
2023/07/01 16:56:59 - mmengine - INFO - Epoch(train) [41][20/32]  lr: 5.0000e-05  eta: 0:05:04  time: 0.9864  data_time: 0.7851  memory: 1255  grad_norm: 6.7768  loss: 0.4645  top1_acc: 0.7500  top5_acc: 1.0000  loss_cls: 0.4645
2023/07/01 16:57:11 - mmengine - INFO - Exp name: tsn_ucf101_20230701_162749
2023/07/01 16:57:11 - mmengine - INFO - Epoch(train) [41][32/32]  lr: 5.0000e-05  eta: 0:04:51  time: 0.9895  data_time: 0.7934  memory: 1255  grad_norm: 5.7369  loss: 0.3445  top1_acc: 1.0000  top5_acc: 1.0000  loss_cls: 0.3445
2023/07/01 16:57:21 - mmengine - INFO - Epoch(val) [41][9/9]    acc/top1: 0.6389  acc/top5: 1.0000  acc/mean1: 0.6786  data_time: 1.0025  time: 1.0714
2023/07/01 16:57:41 - mmengine - INFO - Epoch(train) [42][20/32]  lr: 5.0000e-05  eta: 0:04:31  time: 0.9975  data_time: 0.7958  memory: 1255  grad_norm: 7.1080  loss: 0.4560  top1_acc: 0.7500  top5_acc: 1.0000  loss_cls: 0.4560
2023/07/01 16:57:52 - mmengine - INFO - Exp name: tsn_ucf101_20230701_162749
2023/07/01 16:57:52 - mmengine - INFO - Epoch(train) [42][32/32]  lr: 5.0000e-05  eta: 0:04:19  time: 0.9887  data_time: 0.7924  memory: 1255  grad_norm: 7.2099  loss: 0.4213  top1_acc: 0.5000  top5_acc: 1.0000  loss_cls: 0.4213
2023/07/01 16:57:52 - mmengine - INFO - Saving checkpoint at 42 epochs
2023/07/01 16:58:02 - mmengine - INFO - Epoch(val) [42][9/9]    acc/top1: 0.6389  acc/top5: 1.0000  acc/mean1: 0.6786  data_time: 0.9945  time: 1.0635
2023/07/01 16:58:23 - mmengine - INFO - Epoch(train) [43][20/32]  lr: 5.0000e-05  eta: 0:03:59  time: 1.0086  data_time: 0.8071  memory: 1255  grad_norm: 7.0004  loss: 0.4368  top1_acc: 0.7500  top5_acc: 1.0000  loss_cls: 0.4368
2023/07/01 16:58:34 - mmengine - INFO - Exp name: tsn_ucf101_20230701_162749
2023/07/01 16:58:34 - mmengine - INFO - Epoch(train) [43][32/32]  lr: 5.0000e-05  eta: 0:03:46  time: 0.9760  data_time: 0.7798  memory: 1255  grad_norm: 7.6090  loss: 0.4900  top1_acc: 1.0000  top5_acc: 1.0000  loss_cls: 0.4900
2023/07/01 16:58:44 - mmengine - INFO - Epoch(val) [43][9/9]    acc/top1: 0.6389  acc/top5: 1.0000  acc/mean1: 0.6786  data_time: 0.9858  time: 1.0547
2023/07/01 16:59:04 - mmengine - INFO - Epoch(train) [44][20/32]  lr: 5.0000e-05  eta: 0:03:26  time: 0.9963  data_time: 0.7949  memory: 1255  grad_norm: 5.4606  loss: 0.3453  top1_acc: 0.5000  top5_acc: 1.0000  loss_cls: 0.3453
2023/07/01 16:59:15 - mmengine - INFO - Exp name: tsn_ucf101_20230701_162749
2023/07/01 16:59:15 - mmengine - INFO - Epoch(train) [44][32/32]  lr: 5.0000e-05  eta: 0:03:14  time: 0.9602  data_time: 0.7641  memory: 1255  grad_norm: 6.6357  loss: 0.4127  top1_acc: 1.0000  top5_acc: 1.0000  loss_cls: 0.4127
2023/07/01 16:59:25 - mmengine - INFO - Epoch(val) [44][9/9]    acc/top1: 0.6389  acc/top5: 1.0000  acc/mean1: 0.6786  data_time: 0.9931  time: 1.0621
2023/07/01 16:59:44 - mmengine - INFO - Epoch(train) [45][20/32]  lr: 5.0000e-05  eta: 0:02:53  time: 0.9827  data_time: 0.7815  memory: 1255  grad_norm: 6.0177  loss: 0.3713  top1_acc: 1.0000  top5_acc: 1.0000  loss_cls: 0.3713
2023/07/01 16:59:56 - mmengine - INFO - Exp name: tsn_ucf101_20230701_162749
2023/07/01 16:59:56 - mmengine - INFO - Epoch(train) [45][32/32]  lr: 5.0000e-05  eta: 0:02:41  time: 0.9474  data_time: 0.7514  memory: 1255  grad_norm: 7.0547  loss: 0.4253  top1_acc: 0.5000  top5_acc: 1.0000  loss_cls: 0.4253
2023/07/01 16:59:56 - mmengine - INFO - Saving checkpoint at 45 epochs
2023/07/01 17:00:06 - mmengine - INFO - Epoch(val) [45][9/9]    acc/top1: 0.6389  acc/top5: 1.0000  acc/mean1: 0.6786  data_time: 0.9903  time: 1.0600
2023/07/01 17:00:25 - mmengine - INFO - Epoch(train) [46][20/32]  lr: 5.0000e-05  eta: 0:02:21  time: 0.9554  data_time: 0.7534  memory: 1255  grad_norm: 7.0776  loss: 0.4689  top1_acc: 1.0000  top5_acc: 1.0000  loss_cls: 0.4689
2023/07/01 17:00:36 - mmengine - INFO - Exp name: tsn_ucf101_20230701_162749
2023/07/01 17:00:36 - mmengine - INFO - Epoch(train) [46][32/32]  lr: 5.0000e-05  eta: 0:02:09  time: 0.9369  data_time: 0.7408  memory: 1255  grad_norm: 6.7406  loss: 0.4293  top1_acc: 0.5000  top5_acc: 1.0000  loss_cls: 0.4293
2023/07/01 17:00:45 - mmengine - INFO - Epoch(val) [46][9/9]    acc/top1: 0.6389  acc/top5: 1.0000  acc/mean1: 0.6786  data_time: 0.9855  time: 1.0542
2023/07/01 17:01:06 - mmengine - INFO - Epoch(train) [47][20/32]  lr: 5.0000e-05  eta: 0:01:49  time: 1.0140  data_time: 0.8126  memory: 1255  grad_norm: 6.8664  loss: 0.4107  top1_acc: 0.7500  top5_acc: 1.0000  loss_cls: 0.4107
2023/07/01 17:01:17 - mmengine - INFO - Exp name: tsn_ucf101_20230701_162749
2023/07/01 17:01:17 - mmengine - INFO - Epoch(train) [47][32/32]  lr: 5.0000e-05  eta: 0:01:36  time: 0.9483  data_time: 0.7523  memory: 1255  grad_norm: 6.0859  loss: 0.3588  top1_acc: 1.0000  top5_acc: 1.0000  loss_cls: 0.3588
2023/07/01 17:01:26 - mmengine - INFO - Epoch(val) [47][9/9]    acc/top1: 0.6111  acc/top5: 1.0000  acc/mean1: 0.6607  data_time: 0.9837  time: 1.0525
2023/07/01 17:01:45 - mmengine - INFO - Epoch(train) [48][20/32]  lr: 5.0000e-05  eta: 0:01:16  time: 0.9766  data_time: 0.7751  memory: 1255  grad_norm: 5.6241  loss: 0.3583  top1_acc: 0.7500  top5_acc: 1.0000  loss_cls: 0.3583
2023/07/01 17:01:58 - mmengine - INFO - Exp name: tsn_ucf101_20230701_162749
2023/07/01 17:01:58 - mmengine - INFO - Epoch(train) [48][32/32]  lr: 5.0000e-05  eta: 0:01:04  time: 0.9665  data_time: 0.7707  memory: 1255  grad_norm: 6.7888  loss: 0.4446  top1_acc: 0.5000  top5_acc: 1.0000  loss_cls: 0.4446
2023/07/01 17:01:58 - mmengine - INFO - Saving checkpoint at 48 epochs
2023/07/01 17:02:08 - mmengine - INFO - Epoch(val) [48][9/9]    acc/top1: 0.6111  acc/top5: 1.0000  acc/mean1: 0.6607  data_time: 0.9956  time: 1.0655
2023/07/01 17:02:28 - mmengine - INFO - Epoch(train) [49][20/32]  lr: 5.0000e-05  eta: 0:00:44  time: 1.0467  data_time: 0.8455  memory: 1255  grad_norm: 8.1574  loss: 0.5279  top1_acc: 0.5000  top5_acc: 1.0000  loss_cls: 0.5279
2023/07/01 17:02:40 - mmengine - INFO - Exp name: tsn_ucf101_20230701_162749
2023/07/01 17:02:40 - mmengine - INFO - Epoch(train) [49][32/32]  lr: 5.0000e-05  eta: 0:00:32  time: 0.9673  data_time: 0.7715  memory: 1255  grad_norm: 7.6653  loss: 0.4979  top1_acc: 0.5000  top5_acc: 1.0000  loss_cls: 0.4979
2023/07/01 17:02:49 - mmengine - INFO - Epoch(val) [49][9/9]    acc/top1: 0.6389  acc/top5: 1.0000  acc/mean1: 0.6786  data_time: 0.9812  time: 1.0501
2023/07/01 17:03:11 - mmengine - INFO - Epoch(train) [50][20/32]  lr: 5.0000e-05  eta: 0:00:12  time: 1.0812  data_time: 0.8796  memory: 1255  grad_norm: 6.8250  loss: 0.3955  top1_acc: 0.7500  top5_acc: 1.0000  loss_cls: 0.3955
2023/07/01 17:03:22 - mmengine - INFO - Exp name: tsn_ucf101_20230701_162749
2023/07/01 17:03:22 - mmengine - INFO - Epoch(train) [50][32/32]  lr: 5.0000e-05  eta: 0:00:00  time: 1.0025  data_time: 0.8067  memory: 1255  grad_norm: 6.1220  loss: 0.3893  top1_acc: 1.0000  top5_acc: 1.0000  loss_cls: 0.3893
2023/07/01 17:03:22 - mmengine - INFO - Saving checkpoint at 50 epochs
2023/07/01 17:03:32 - mmengine - INFO - Epoch(val) [50][9/9]    acc/top1: 0.6389  acc/top5: 1.0000  acc/mean1: 0.6786  data_time: 0.9934  time: 1.0626
